# JRE version: Java(TM) SE Runtime Environment (8.0_131-b11) (build 1.8.0_131-b11)
# Java VM: Java HotSpot(TM) Client VM (25.131-b11 mixed mode windows-x86 )
Heap:
 def new generation   total 78720K, used 28875K [0x05000000, 0x0a560000, 0x0faa0000)
  eden space 70016K,  35% used [0x05000000, 0x0683d6d0, 0x09460000)
  from space 8704K,  46% used [0x09ce0000, 0x0a0d5588, 0x0a560000)
  to   space 8704K,   0% used [0x09460000, 0x09460000, 0x09ce0000)
 tenured generation   total 174784K, used 34857K [0x0faa0000, 0x1a550000, 0x25000000)
   the space 174784K,  19% used [0x0faa0000, 0x11caa548, 0x11caa600, 0x1a550000)
 Metaspace       used 31724K, capacity 31987K, committed 32256K, reserved 33152K
GC Heap History (10 events):
Event: 12.744 GC heap before
{Heap before GC invocations=13 (full 1):
 def new generation   total 78720K, used 74736K [0x05000000, 0x0a560000, 0x0faa0000)
  eden space 70016K, 100% used [0x05000000, 0x09460000, 0x09460000)
  from space 8704K,  54% used [0x09ce0000, 0x0a17c040, 0x0a560000)
  to   space 8704K,   0% used [0x09460000, 0x09460000, 0x09ce0000)
 tenured generation   total 174784K, used 19991K [0x0faa0000, 0x1a550000, 0x25000000)
   the space 174784K,  11% used [0x0faa0000, 0x10e25c20, 0x10e25e00, 0x1a550000)
 Metaspace       used 18825K, capacity 19046K, committed 19200K, reserved 19840K
Event: 12.766 GC heap after
Heap after GC invocations=14 (full 1):
 def new generation   total 78720K, used 7521K [0x05000000, 0x0a560000, 0x0faa0000)
  eden space 70016K,   0% used [0x05000000, 0x05000000, 0x09460000)
  from space 8704K,  86% used [0x09460000, 0x09bb8790, 0x09ce0000)
  to   space 8704K,   0% used [0x09ce0000, 0x09ce0000, 0x0a560000)
 tenured generation   total 174784K, used 21150K [0x0faa0000, 0x1a550000, 0x25000000)
   the space 174784K,  12% used [0x0faa0000, 0x10f479f0, 0x10f47a00, 0x1a550000)
 Metaspace       used 18825K, capacity 19046K, committed 19200K, reserved 19840K
}
Event: 13.324 GC heap before
{Heap before GC invocations=14 (full 1):
 def new generation   total 78720K, used 26800K [0x05000000, 0x0a560000, 0x0faa0000)
  eden space 70016K,  27% used [0x05000000, 0x062d38c8, 0x09460000)
  from space 8704K,  86% used [0x09460000, 0x09bb8790, 0x09ce0000)
  to   space 8704K,   0% used [0x09ce0000, 0x09ce0000, 0x0a560000)
 tenured generation   total 174784K, used 21150K [0x0faa0000, 0x1a550000, 0x25000000)
   the space 174784K,  12% used [0x0faa0000, 0x10f479f0, 0x10f47a00, 0x1a550000)
 Metaspace       used 20187K, capacity 20392K, committed 20480K, reserved 20864K
Event: 13.419 GC heap after
Heap after GC invocations=15 (full 2):
 def new generation   total 78720K, used 0K [0x05000000, 0x0a560000, 0x0faa0000)
  eden space 70016K,   0% used [0x05000000, 0x05000000, 0x09460000)
  from space 8704K,   0% used [0x09460000, 0x09460000, 0x09ce0000)
  to   space 8704K,   0% used [0x09ce0000, 0x09ce0000, 0x0a560000)
 tenured generation   total 174784K, used 29025K [0x0faa0000, 0x1a550000, 0x25000000)
   the space 174784K,  16% used [0x0faa0000, 0x116f8758, 0x116f8800, 0x1a550000)
 Metaspace       used 20187K, capacity 20392K, committed 20480K, reserved 20864K
}
Event: 16.143 GC heap before
{Heap before GC invocations=15 (full 2):
 def new generation   total 78720K, used 70016K [0x05000000, 0x0a560000, 0x0faa0000)
  eden space 70016K, 100% used [0x05000000, 0x09460000, 0x09460000)
  from space 8704K,   0% used [0x09460000, 0x09460000, 0x09ce0000)
  to   space 8704K,   0% used [0x09ce0000, 0x09ce0000, 0x0a560000)
 tenured generation   total 174784K, used 29025K [0x0faa0000, 0x1a550000, 0x25000000)
   the space 174784K,  16% used [0x0faa0000, 0x116f8758, 0x116f8800, 0x1a550000)
 Metaspace       used 26982K, capacity 27245K, committed 27392K, reserved 28032K
Event: 16.162 GC heap after
Heap after GC invocations=16 (full 2):
 def new generation   total 78720K, used 8704K [0x05000000, 0x0a560000, 0x0faa0000)
  eden space 70016K,   0% used [0x05000000, 0x05000000, 0x09460000)
  from space 8704K, 100% used [0x09ce0000, 0x0a560000, 0x0a560000)
  to   space 8704K,   0% used [0x09460000, 0x09460000, 0x09ce0000)
 tenured generation   total 174784K, used 29476K [0x0faa0000, 0x1a550000, 0x25000000)
   the space 174784K,  16% used [0x0faa0000, 0x117691f0, 0x11769200, 0x1a550000)
 Metaspace       used 26982K, capacity 27245K, committed 27392K, reserved 28032K
}
Event: 18.013 GC heap before
{Heap before GC invocations=16 (full 2):
 def new generation   total 78720K, used 78720K [0x05000000, 0x0a560000, 0x0faa0000)
  eden space 70016K, 100% used [0x05000000, 0x09460000, 0x09460000)
  from space 8704K, 100% used [0x09ce0000, 0x0a560000, 0x0a560000)
  to   space 8704K,   0% used [0x09460000, 0x09460000, 0x09ce0000)
 tenured generation   total 174784K, used 29476K [0x0faa0000, 0x1a550000, 0x25000000)
   the space 174784K,  16% used [0x0faa0000, 0x117691f0, 0x11769200, 0x1a550000)
 Metaspace       used 29681K, capacity 29921K, committed 30080K, reserved 30080K
Event: 18.040 GC heap after
Heap after GC invocations=17 (full 2):
 def new generation   total 78720K, used 5905K [0x05000000, 0x0a560000, 0x0faa0000)
  eden space 70016K,   0% used [0x05000000, 0x05000000, 0x09460000)
  from space 8704K,  67% used [0x09460000, 0x09a245d0, 0x09ce0000)
  to   space 8704K,   0% used [0x09ce0000, 0x09ce0000, 0x0a560000)
 tenured generation   total 174784K, used 31878K [0x0faa0000, 0x1a550000, 0x25000000)
   the space 174784K,  18% used [0x0faa0000, 0x119c1808, 0x119c1a00, 0x1a550000)
 Metaspace       used 29681K, capacity 29921K, committed 30080K, reserved 30080K
}
Event: 19.886 GC heap before
{Heap before GC invocations=17 (full 2):
 def new generation   total 78720K, used 75921K [0x05000000, 0x0a560000, 0x0faa0000)
  eden space 70016K, 100% used [0x05000000, 0x09460000, 0x09460000)
  from space 8704K,  67% used [0x09460000, 0x09a245d0, 0x09ce0000)
  to   space 8704K,   0% used [0x09ce0000, 0x09ce0000, 0x0a560000)
 tenured generation   total 174784K, used 31878K [0x0faa0000, 0x1a550000, 0x25000000)
   the space 174784K,  18% used [0x0faa0000, 0x119c1808, 0x119c1a00, 0x1a550000)
 Metaspace       used 30493K, capacity 30758K, committed 30976K, reserved 31104K
Event: 19.913 GC heap after
Heap after GC invocations=18 (full 2):
 def new generation   total 78720K, used 4053K [0x05000000, 0x0a560000, 0x0faa0000)
  eden space 70016K,   0% used [0x05000000, 0x05000000, 0x09460000)
  from space 8704K,  46% used [0x09ce0000, 0x0a0d5588, 0x0a560000)
  to   space 8704K,   0% used [0x09460000, 0x09460000, 0x09ce0000)
 tenured generation   total 174784K, used 34857K [0x0faa0000, 0x1a550000, 0x25000000)
   the space 174784K,  19% used [0x0faa0000, 0x11caa548, 0x11caa600, 0x1a550000)
 Metaspace       used 30493K, capacity 30758K, committed 30976K, reserved 31104K
}

