# JRE version: Java(TM) SE Runtime Environment (8.0_131-b11) (build 1.8.0_131-b11)
# Java VM: Java HotSpot(TM) Client VM (25.131-b11 mixed mode windows-x86 )
Heap:
 def new generation   total 78720K, used 28549K [0x04a00000, 0x09f60000, 0x0f4a0000)
  eden space 70016K,  35% used [0x04a00000, 0x06203658, 0x08e60000)
  from space 8704K,  45% used [0x096e0000, 0x09abe040, 0x09f60000)
  to   space 8704K,   0% used [0x08e60000, 0x08e60000, 0x096e0000)
 tenured generation   total 174784K, used 34717K [0x0f4a0000, 0x19f50000, 0x24a00000)
   the space 174784K,  19% used [0x0f4a0000, 0x116874a8, 0x11687600, 0x19f50000)
 Metaspace       used 31169K, capacity 31435K, committed 31616K, reserved 32128K
GC Heap History (10 events):
Event: 14.405 GC heap before
{Heap before GC invocations=13 (full 1):
 def new generation   total 78720K, used 74751K [0x04a00000, 0x09f60000, 0x0f4a0000)
  eden space 70016K, 100% used [0x04a00000, 0x08e60000, 0x08e60000)
  from space 8704K,  54% used [0x096e0000, 0x09b7feb8, 0x09f60000)
  to   space 8704K,   0% used [0x08e60000, 0x08e60000, 0x096e0000)
 tenured generation   total 174784K, used 20109K [0x0f4a0000, 0x19f50000, 0x24a00000)
   the space 174784K,  11% used [0x0f4a0000, 0x108435e8, 0x10843600, 0x19f50000)
 Metaspace       used 19132K, capacity 19366K, committed 19456K, reserved 19840K
Event: 14.432 GC heap after
Heap after GC invocations=14 (full 1):
 def new generation   total 78720K, used 7827K [0x04a00000, 0x09f60000, 0x0f4a0000)
  eden space 70016K,   0% used [0x04a00000, 0x04a00000, 0x08e60000)
  from space 8704K,  89% used [0x08e60000, 0x09604de8, 0x096e0000)
  to   space 8704K,   0% used [0x096e0000, 0x096e0000, 0x09f60000)
 tenured generation   total 174784K, used 21284K [0x0f4a0000, 0x19f50000, 0x24a00000)
   the space 174784K,  12% used [0x0f4a0000, 0x109693f0, 0x10969400, 0x19f50000)
 Metaspace       used 19132K, capacity 19366K, committed 19456K, reserved 19840K
}
Event: 15.063 GC heap before
{Heap before GC invocations=14 (full 1):
 def new generation   total 78720K, used 22561K [0x04a00000, 0x09f60000, 0x0f4a0000)
  eden space 70016K,  21% used [0x04a00000, 0x05863730, 0x08e60000)
  from space 8704K,  89% used [0x08e60000, 0x09604de8, 0x096e0000)
  to   space 8704K,   0% used [0x096e0000, 0x096e0000, 0x09f60000)
 tenured generation   total 174784K, used 21284K [0x0f4a0000, 0x19f50000, 0x24a00000)
   the space 174784K,  12% used [0x0f4a0000, 0x109693f0, 0x10969400, 0x19f50000)
 Metaspace       used 20186K, capacity 20392K, committed 20480K, reserved 20864K
Event: 15.158 GC heap after
Heap after GC invocations=15 (full 2):
 def new generation   total 78720K, used 0K [0x04a00000, 0x09f60000, 0x0f4a0000)
  eden space 70016K,   0% used [0x04a00000, 0x04a00000, 0x08e60000)
  from space 8704K,   0% used [0x08e60000, 0x08e60000, 0x096e0000)
  to   space 8704K,   0% used [0x096e0000, 0x096e0000, 0x09f60000)
 tenured generation   total 174784K, used 28852K [0x0f4a0000, 0x19f50000, 0x24a00000)
   the space 174784K,  16% used [0x0f4a0000, 0x110cd180, 0x110cd200, 0x19f50000)
 Metaspace       used 20186K, capacity 20392K, committed 20480K, reserved 20864K
}
Event: 18.244 GC heap before
{Heap before GC invocations=15 (full 2):
 def new generation   total 78720K, used 70016K [0x04a00000, 0x09f60000, 0x0f4a0000)
  eden space 70016K, 100% used [0x04a00000, 0x08e60000, 0x08e60000)
  from space 8704K,   0% used [0x08e60000, 0x08e60000, 0x096e0000)
  to   space 8704K,   0% used [0x096e0000, 0x096e0000, 0x09f60000)
 tenured generation   total 174784K, used 28852K [0x0f4a0000, 0x19f50000, 0x24a00000)
   the space 174784K,  16% used [0x0f4a0000, 0x110cd180, 0x110cd200, 0x19f50000)
 Metaspace       used 26981K, capacity 27245K, committed 27392K, reserved 28032K
Event: 18.264 GC heap after
Heap after GC invocations=16 (full 2):
 def new generation   total 78720K, used 8703K [0x04a00000, 0x09f60000, 0x0f4a0000)
  eden space 70016K,   0% used [0x04a00000, 0x04a00000, 0x08e60000)
  from space 8704K,  99% used [0x096e0000, 0x09f5fff8, 0x09f60000)
  to   space 8704K,   0% used [0x08e60000, 0x08e60000, 0x096e0000)
 tenured generation   total 174784K, used 29302K [0x0f4a0000, 0x19f50000, 0x24a00000)
   the space 174784K,  16% used [0x0f4a0000, 0x1113d9a8, 0x1113da00, 0x19f50000)
 Metaspace       used 26981K, capacity 27245K, committed 27392K, reserved 28032K
}
Event: 20.551 GC heap before
{Heap before GC invocations=16 (full 2):
 def new generation   total 78720K, used 78719K [0x04a00000, 0x09f60000, 0x0f4a0000)
  eden space 70016K, 100% used [0x04a00000, 0x08e60000, 0x08e60000)
  from space 8704K,  99% used [0x096e0000, 0x09f5fff8, 0x09f60000)
  to   space 8704K,   0% used [0x08e60000, 0x08e60000, 0x096e0000)
 tenured generation   total 174784K, used 29302K [0x0f4a0000, 0x19f50000, 0x24a00000)
   the space 174784K,  16% used [0x0f4a0000, 0x1113d9a8, 0x1113da00, 0x19f50000)
 Metaspace       used 29683K, capacity 29921K, committed 30080K, reserved 30080K
Event: 20.579 GC heap after
Heap after GC invocations=17 (full 2):
 def new generation   total 78720K, used 5947K [0x04a00000, 0x09f60000, 0x0f4a0000)
  eden space 70016K,   0% used [0x04a00000, 0x04a00000, 0x08e60000)
  from space 8704K,  68% used [0x08e60000, 0x0942ee50, 0x096e0000)
  to   space 8704K,   0% used [0x096e0000, 0x096e0000, 0x09f60000)
 tenured generation   total 174784K, used 31703K [0x0f4a0000, 0x19f50000, 0x24a00000)
   the space 174784K,  18% used [0x0f4a0000, 0x11395f88, 0x11396000, 0x19f50000)
 Metaspace       used 29683K, capacity 29921K, committed 30080K, reserved 30080K
}
Event: 22.719 GC heap before
{Heap before GC invocations=17 (full 2):
 def new generation   total 78720K, used 75963K [0x04a00000, 0x09f60000, 0x0f4a0000)
  eden space 70016K, 100% used [0x04a00000, 0x08e60000, 0x08e60000)
  from space 8704K,  68% used [0x08e60000, 0x0942ee50, 0x096e0000)
  to   space 8704K,   0% used [0x096e0000, 0x096e0000, 0x09f60000)
 tenured generation   total 174784K, used 31703K [0x0f4a0000, 0x19f50000, 0x24a00000)
   the space 174784K,  18% used [0x0f4a0000, 0x11395f88, 0x11396000, 0x19f50000)
 Metaspace       used 30476K, capacity 30726K, committed 30976K, reserved 31104K
Event: 22.748 GC heap after
Heap after GC invocations=18 (full 2):
 def new generation   total 78720K, used 3960K [0x04a00000, 0x09f60000, 0x0f4a0000)
  eden space 70016K,   0% used [0x04a00000, 0x04a00000, 0x08e60000)
  from space 8704K,  45% used [0x096e0000, 0x09abe040, 0x09f60000)
  to   space 8704K,   0% used [0x08e60000, 0x08e60000, 0x096e0000)
 tenured generation   total 174784K, used 34717K [0x0f4a0000, 0x19f50000, 0x24a00000)
   the space 174784K,  19% used [0x0f4a0000, 0x116874a8, 0x11687600, 0x19f50000)
 Metaspace       used 30476K, capacity 30726K, committed 30976K, reserved 31104K
}

